<?xml version="1.0" encoding="UTF-8"?>
<testng-results ignored="0" total="2" passed="2" failed="0" skipped="0">
  <reporter-output>
  </reporter-output>
  <suite started-at="2021-02-23T16:15:15 IST" name="Suite" finished-at="2021-02-23T16:15:28 IST" duration-ms="13072">
    <groups>
    </groups>
    <test started-at="2021-02-23T16:15:15 IST" name="Test1" finished-at="2021-02-23T16:15:21 IST" duration-ms="6255">
      <class name="basics.Test6">
        <test-method signature="demo(java.lang.String)[pri:0, instance:basics.Test6@291b4bf5]" started-at="2021-02-23T16:15:15 IST" name="demo" finished-at="2021-02-23T16:15:21 IST" duration-ms="6174" status="PASS">
          <params>
            <param index="0">
              <value>
                <![CDATA[chrome]]>
              </value>
            </param>
          </params>
          <reporter-output>
          </reporter-output>
        </test-method> <!-- demo -->
      </class> <!-- basics.Test6 -->
    </test> <!-- Test1 -->
    <test started-at="2021-02-23T16:15:15 IST" name="Test2" finished-at="2021-02-23T16:15:28 IST" duration-ms="13072">
      <class name="basics.Test6">
        <test-method signature="demo(java.lang.String)[pri:0, instance:basics.Test6@484970b0]" started-at="2021-02-23T16:15:15 IST" name="demo" finished-at="2021-02-23T16:15:28 IST" duration-ms="13020" status="PASS">
          <params>
            <param index="0">
              <value>
                <![CDATA[firefox]]>
              </value>
            </param>
          </params>
          <reporter-output>
          </reporter-output>
        </test-method> <!-- demo -->
      </class> <!-- basics.Test6 -->
    </test> <!-- Test2 -->
  </suite> <!-- Suite -->
</testng-results>
